<?xml version="1.0" encoding="UTF-8"?>
<testsuite name="com.example.api.ControllerTest.PostControllerTest" tests="5" skipped="0" failures="0" errors="0" timestamp="2025-09-18T18:51:46.606Z" hostname="SHWETHAREBOUND" time="0.424">
  <properties/>
  <testcase name="testGetPostById()" classname="com.example.api.ControllerTest.PostControllerTest" time="0.29"/>
  <testcase name="testUpdatePost()" classname="com.example.api.ControllerTest.PostControllerTest" time="0.094"/>
  <testcase name="testCreatePostWithInvalidUser()" classname="com.example.api.ControllerTest.PostControllerTest" time="0.011"/>
  <testcase name="testCreatePost()" classname="com.example.api.ControllerTest.PostControllerTest" time="0.011"/>
  <testcase name="testDeletePost()" classname="com.example.api.ControllerTest.PostControllerTest" time="0.01"/>
  <system-out><![CDATA[2025-09-18T12:51:45.911-06:00  INFO 15352 --- [TraseDemo] [    Test worker] t.c.s.AnnotationConfigContextLoaderUtils : Could not detect default configuration classes for test class [com.example.api.ControllerTest.PostControllerTest]: PostControllerTest does not declare any static, non-private, non-final, nested classes annotated with @Configuration.
2025-09-18T12:51:45.950-06:00  INFO 15352 --- [TraseDemo] [    Test worker] .b.t.c.SpringBootTestContextBootstrapper : Found @SpringBootConfiguration com.example.api.DemoApplication for test class com.example.api.ControllerTest.PostControllerTest

  .   ____          _            __ _ _
 /\\ / ___'_ __ _ _(_)_ __  __ _ \ \ \ \
( ( )\___ | '_ | '_| | '_ \/ _` | \ \ \ \
 \\/  ___)| |_)| | | | | || (_| |  ) ) ) )
  '  |____| .__|_| |_|_| |_\__, | / / / /
 =========|_|==============|___/=/_/_/_/

 :: Spring Boot ::                (v3.5.5)

2025-09-18T12:51:46.007-06:00  INFO 15352 --- [TraseDemo] [    Test worker] c.e.a.ControllerTest.PostControllerTest  : Starting PostControllerTest using Java 17.0.16 with PID 15352 (started by shwet in C:\Users\shwet\eclipse-workspace\TraseDemo)
2025-09-18T12:51:46.008-06:00  INFO 15352 --- [TraseDemo] [    Test worker] c.e.a.ControllerTest.PostControllerTest  : No active profile set, falling back to 1 default profile: "default"
2025-09-18T12:51:46.565-06:00  INFO 15352 --- [TraseDemo] [    Test worker] o.s.b.t.m.w.SpringBootMockServletContext : Initializing Spring TestDispatcherServlet ''
2025-09-18T12:51:46.565-06:00  INFO 15352 --- [TraseDemo] [    Test worker] o.s.t.web.servlet.TestDispatcherServlet  : Initializing Servlet ''
2025-09-18T12:51:46.569-06:00  INFO 15352 --- [TraseDemo] [    Test worker] o.s.t.web.servlet.TestDispatcherServlet  : Completed initialization in 1 ms
2025-09-18T12:51:46.597-06:00  INFO 15352 --- [TraseDemo] [    Test worker] c.e.a.ControllerTest.PostControllerTest  : Started PostControllerTest in 0.639 seconds (process running for 7.073)
]]></system-out>
  <system-err><![CDATA[]]></system-err>
</testsuite>
