<?xml version="1.0" encoding="UTF-8"?>
<testsuite name="com.example.api.TraseDemoApplicationTests" tests="1" skipped="0" failures="0" errors="0" timestamp="2025-09-18T18:51:44.708Z" hostname="SHWETHAREBOUND" time="1.19">
  <properties/>
  <testcase name="contextLoads()" classname="com.example.api.TraseDemoApplicationTests" time="1.19"/>
  <system-out><![CDATA[12:51:41.252 [Test worker] INFO org.springframework.test.context.support.AnnotationConfigContextLoaderUtils -- Could not detect default configuration classes for test class [com.example.api.TraseDemoApplicationTests]: TraseDemoApplicationTests does not declare any static, non-private, non-final, nested classes annotated with @Configuration.
12:51:41.538 [Test worker] INFO org.springframework.boot.test.context.SpringBootTestContextBootstrapper -- Found @SpringBootConfiguration com.example.api.DemoApplication for test class com.example.api.TraseDemoApplicationTests

  .   ____          _            __ _ _
 /\\ / ___'_ __ _ _(_)_ __  __ _ \ \ \ \
( ( )\___ | '_ | '_| | '_ \/ _` | \ \ \ \
 \\/  ___)| |_)| | | | | || (_| |  ) ) ) )
  '  |____| .__|_| |_|_| |_\__, | / / / /
 =========|_|==============|___/=/_/_/_/

 :: Spring Boot ::                (v3.5.5)

2025-09-18T12:51:42.522-06:00  INFO 15352 --- [TraseDemo] [    Test worker] c.example.api.TraseDemoApplicationTests  : Starting TraseDemoApplicationTests using Java 17.0.16 with PID 15352 (started by shwet in C:\Users\shwet\eclipse-workspace\TraseDemo)
2025-09-18T12:51:42.524-06:00  INFO 15352 --- [TraseDemo] [    Test worker] c.example.api.TraseDemoApplicationTests  : No active profile set, falling back to 1 default profile: "default"
2025-09-18T12:51:44.672-06:00  INFO 15352 --- [TraseDemo] [    Test worker] c.example.api.TraseDemoApplicationTests  : Started TraseDemoApplicationTests in 2.89 seconds (process running for 5.148)
]]></system-out>
  <system-err><![CDATA[]]></system-err>
</testsuite>
